2024-01-30 17:17:40,850 [INFO] Activator:176 - 


2024-01-30 17:17:40,852 [INFO] Activator:177 - !SESSION log4j initialized
2024-01-30 17:17:43,515 [INFO] LogOutputStream:77 - [STDOUT_REDIRECT] 
2024-01-30 17:17:45,728 [INFO] ApplicationProperties:184 - Using Application install path: C:\ST\STM32CubeIDE_1.14.1\STM32CubeIDE\plugins\com.st.stm32cube.common.mx_6.10.0.202311202037
2024-01-30 17:17:45,745 [INFO] DbMcusXml:78 - Set database path to: C:\ST\STM32CubeIDE_1.14.1\STM32CubeIDE\plugins\com.st.stm32cube.common.mx_6.10.0.202311202037\\db\/mcu/
2024-01-30 17:17:45,745 [INFO] ApiDb:274 - Set plugin database path to: C:\ST\STM32CubeIDE_1.14.1\STM32CubeIDE\plugins\com.st.stm32cube.common.mx_6.10.0.202311202037\\db\/plugins/boardmanager/
2024-01-30 17:17:45,745 [WARN] ApiDb:259 - Overriding images path with different value:  => C:\ST\STM32CubeIDE_1.14.1\STM32CubeIDE\plugins\com.st.stm32cube.common.mx_6.10.0.202311202037\\db\/plugins/mcufinder/images/
2024-01-30 17:17:45,752 [INFO] ApiDb:250 - Set database path to: C:\Users\nmtua\.stmcufinder\plugins\mcufinder//mcu/
2024-01-30 17:17:45,753 [INFO] DbMcusAds:125 - Set database path to: C:\Users\nmtua\.stmcufinder\plugins\mcufinder//mcu/
2024-01-30 17:17:46,356 [INFO] CrossReferenceDbSqlite:203 - Set database path to: C:\Users\nmtua\.stmcufinder\plugins\mcufinder//mcu/cs/
2024-01-30 17:17:46,478 [INFO] RulesReader:64 - Compatibility file has been processed (297 Rules)
2024-01-30 17:17:46,544 [INFO] DbMcusXml:78 - Set database path to: C:\ST\STM32CubeIDE_1.14.1\STM32CubeIDE\plugins\com.st.stm32cube.common.mx_6.10.0.202311202037\\db\/mcu/
2024-01-30 17:17:46,544 [INFO] ApiDb:274 - Set plugin database path to: C:\ST\STM32CubeIDE_1.14.1\STM32CubeIDE\plugins\com.st.stm32cube.common.mx_6.10.0.202311202037\\db\/plugins/boardmanager/
2024-01-30 17:17:46,544 [INFO] ApiDb:261 - Set plugin images path to: C:\ST\STM32CubeIDE_1.14.1\STM32CubeIDE\plugins\com.st.stm32cube.common.mx_6.10.0.202311202037\\db\/plugins/mcufinder/images/
2024-01-30 17:17:46,545 [WARN] DbFile:41 - Overriding database path with different value: C:\Users\nmtua\.stmcufinder\plugins\mcufinder/ => C:\Users\nmtua\.stmcufinder\plugins\mcufinder
2024-01-30 17:17:46,545 [INFO] ApiDb:250 - Set database path to: C:\Users\nmtua\.stmcufinder\plugins\mcufinder//mcu/
2024-01-30 17:17:46,545 [WARN] DbFile:41 - Overriding database path with different value: C:\Users\nmtua\.stmcufinder\plugins\mcufinder/ => C:\Users\nmtua\.stmcufinder\plugins\mcufinder
2024-01-30 17:17:46,545 [INFO] DbMcusAds:125 - Set database path to: C:\Users\nmtua\.stmcufinder\plugins\mcufinder//mcu/
2024-01-30 17:17:46,545 [WARN] DbFile:41 - Overriding database path with different value: C:\Users\nmtua\.stmcufinder\plugins\mcufinder/ => C:\Users\nmtua\.stmcufinder\plugins\mcufinder
2024-01-30 17:17:46,545 [WARN] DbFile:41 - Overriding database path with different value: C:\Users\nmtua\.stmcufinder\plugins\mcufinder/ => C:\Users\nmtua\.stmcufinder\plugins\mcufinder
2024-01-30 17:17:47,351 [INFO] CrossReferenceDbSqlite:203 - Set database path to: C:\Users\nmtua\.stmcufinder\plugins\mcufinder//mcu/cs/
2024-01-30 17:17:47,430 [INFO] MainPanel:264 - HeapMemory: 268435456
2024-01-30 17:17:47,512 [INFO] DbMcusXml:78 - Set database path to: C:\ST\STM32CubeIDE_1.14.1\STM32CubeIDE\plugins\com.st.stm32cube.common.mx_6.10.0.202311202037\\db\/mcu/
2024-01-30 17:17:47,512 [INFO] ApiDb:274 - Set plugin database path to: C:\ST\STM32CubeIDE_1.14.1\STM32CubeIDE\plugins\com.st.stm32cube.common.mx_6.10.0.202311202037\\db\/plugins/boardmanager/
2024-01-30 17:17:47,512 [INFO] ApiDb:261 - Set plugin images path to: C:\ST\STM32CubeIDE_1.14.1\STM32CubeIDE\plugins\com.st.stm32cube.common.mx_6.10.0.202311202037\\db\/plugins/mcufinder/images/
2024-01-30 17:17:47,513 [WARN] DbFile:41 - Overriding database path with different value: C:\Users\nmtua\.stmcufinder\plugins\mcufinder/ => C:\Users\nmtua\.stmcufinder\plugins\mcufinder
2024-01-30 17:17:47,513 [INFO] ApiDb:250 - Set database path to: C:\Users\nmtua\.stmcufinder\plugins\mcufinder//mcu/
2024-01-30 17:17:47,513 [WARN] DbFile:41 - Overriding database path with different value: C:\Users\nmtua\.stmcufinder\plugins\mcufinder/ => C:\Users\nmtua\.stmcufinder\plugins\mcufinder
2024-01-30 17:17:47,513 [INFO] DbMcusAds:125 - Set database path to: C:\Users\nmtua\.stmcufinder\plugins\mcufinder//mcu/
2024-01-30 17:17:47,513 [WARN] DbFile:41 - Overriding database path with different value: C:\Users\nmtua\.stmcufinder\plugins\mcufinder/ => C:\Users\nmtua\.stmcufinder\plugins\mcufinder
2024-01-30 17:17:47,513 [WARN] DbFile:41 - Overriding database path with different value: C:\Users\nmtua\.stmcufinder\plugins\mcufinder/ => C:\Users\nmtua\.stmcufinder\plugins\mcufinder
2024-01-30 17:17:48,346 [INFO] CrossReferenceDbSqlite:203 - Set database path to: C:\Users\nmtua\.stmcufinder\plugins\mcufinder//mcu/cs/
2024-01-30 17:17:48,372 [INFO] ApplicationProperties:184 - Using Application install path: C:\ST\STM32CubeIDE_1.14.1\STM32CubeIDE\plugins\com.st.stm32cube.common.mx_6.10.0.202311202037
2024-01-30 17:17:48,374 [INFO] PluginManage:196 - Search for loadable plugins [exclusion list=, ]
2024-01-30 17:17:48,375 [INFO] PluginManage:310 - Check plugin analytics
2024-01-30 17:17:49,432 [INFO] AnalyticsPlugin:253 - Accepted Software Licenses: 
2024-01-30 17:17:49,432 [INFO] AnalyticsPlugin:255 - Accepted CMSIS Pack Licenses: 
2024-01-30 17:17:49,432 [INFO] AnalyticsPlugin:257 - Accepted Firmware Licenses: 
2024-01-30 17:17:49,435 [INFO] PluginManage:359 - Loaded plugin analytics (category:tool,tabindex:-1)
2024-01-30 17:17:49,436 [INFO] PluginManage:310 - Check plugin cadmodel
2024-01-30 17:17:49,452 [INFO] CADModel:105 - Init CAD model plugin
2024-01-30 17:17:49,452 [INFO] PluginManage:359 - Loaded plugin cadmodel (category:power,tabindex:5)
2024-01-30 17:17:49,452 [INFO] PluginManage:310 - Check plugin clock
2024-01-30 17:17:49,467 [INFO] PluginManage:359 - Loaded plugin clock (category:base,tabindex:2)
2024-01-30 17:17:49,468 [INFO] PluginManage:310 - Check plugin ddr
2024-01-30 17:17:49,469 [INFO] PluginManage:359 - Loaded plugin ddr (category:tool,tabindex:6)
2024-01-30 17:17:49,469 [INFO] PluginManage:310 - Check plugin filemanager
2024-01-30 17:17:49,589 [INFO] PluginManage:359 - Loaded plugin filemanager (category:base,tabindex:10)
2024-01-30 17:17:49,590 [INFO] PluginManage:310 - Check plugin ipmanager
2024-01-30 17:17:49,597 [INFO] PluginManage:359 - Loaded plugin ipmanager (category:base,tabindex:5)
2024-01-30 17:17:49,597 [INFO] PluginManage:310 - Check plugin lpbam
2024-01-30 17:17:49,612 [INFO] PluginManage:359 - Loaded plugin lpbam (category:base,tabindex:0)
2024-01-30 17:17:49,613 [INFO] PluginManage:310 - Check plugin memorymap
2024-01-30 17:17:49,634 [INFO] PluginManage:359 - Loaded plugin memorymap (category:base,tabindex:4)
2024-01-30 17:17:49,634 [INFO] PluginManage:310 - Check plugin pinoutandconfiguration
2024-01-30 17:17:49,649 [INFO] PluginManage:359 - Loaded plugin pinoutandconfiguration (category:base,tabindex:1)
2024-01-30 17:17:49,649 [INFO] PluginManage:310 - Check plugin pinoutconfig
2024-01-30 17:17:49,799 [WARN] SupportedApi:132 - Cannot load RTOS API schema: s4s-elt-must-match.1: The content of 'definitions' must match (annotation?, (simpleType | complexType)?, (unique | key | keyref)*)). A problem was found starting at: attribute.
2024-01-30 17:17:49,915 [INFO] PluginManage:359 - Loaded plugin pinoutconfig (category:base,tabindex:0)
2024-01-30 17:17:49,915 [INFO] PluginManage:310 - Check plugin power
2024-01-30 17:17:49,932 [INFO] PluginManage:359 - Loaded plugin power (category:power,tabindex:4)
2024-01-30 17:17:49,932 [INFO] PluginManage:310 - Check plugin projectmanager
2024-01-30 17:17:49,950 [INFO] PluginManage:359 - Loaded plugin projectmanager (category:projectmanager,tabindex:3)
2024-01-30 17:17:49,950 [INFO] PluginManage:310 - Check plugin thirdparty
2024-01-30 17:17:50,205 [INFO] PluginManage:359 - Loaded plugin thirdparty (category:base,tabindex:-1)
2024-01-30 17:17:50,206 [INFO] PluginManage:310 - Check plugin tools
2024-01-30 17:17:50,206 [WARN] IntegrityCheckThread:84 - waiting for thirdparty lock release [integrity check]
2024-01-30 17:17:50,206 [INFO] IntegrityCheckThread:86 - entering critical section [integrity check]
2024-01-30 17:17:50,206 [INFO] ThirdPartyUpdaterWithRetryManager:70 - Updater plugin not ready yet. [1/15]
2024-01-30 17:17:50,239 [INFO] PluginManage:359 - Loaded plugin tools (category:base,tabindex:7)
2024-01-30 17:17:50,239 [INFO] PluginManage:310 - Check plugin tutovideos
2024-01-30 17:17:50,412 [INFO] PluginManage:359 - Loaded plugin tutovideos (category:base,tabindex:-1)
2024-01-30 17:17:50,412 [INFO] PluginManage:310 - Check plugin updater
2024-01-30 17:17:50,424 [INFO] PluginManage:359 - Loaded plugin updater (category:base,tabindex:12)
2024-01-30 17:17:50,424 [INFO] PluginManage:310 - Check plugin userauth
2024-01-30 17:17:50,429 [INFO] UserAuth:114 - Init User Auth plugin
2024-01-30 17:17:50,429 [INFO] PluginManage:359 - Loaded plugin userauth (category:base,tabindex:14)
2024-01-30 17:17:50,430 [INFO] PluginManage:283 - PluginManage : Loaded plugins [17]
2024-01-30 17:17:50,660 [INFO] PinOutPanel:1499 - setPackage(No Configuration,No Configuration)
2024-01-30 17:17:50,725 [INFO] CADModel:165 - CPN selected for project level
2024-01-30 17:17:50,726 [INFO] CADModel:114 - Register for checkConnection events
2024-01-30 17:17:50,749 [INFO] IPUIPlugin:80 - create IPUIPlugin
2024-01-30 17:17:50,749 [INFO] PluginManager:220 - loadIPPluginJar : add adc
2024-01-30 17:17:50,784 [INFO] IPUIPlugin:80 - create IPUIPlugin
2024-01-30 17:17:50,784 [INFO] PluginManager:220 - loadIPPluginJar : add aes
2024-01-30 17:17:50,819 [INFO] IPUIPlugin:80 - create IPUIPlugin
2024-01-30 17:17:50,819 [INFO] PluginManager:220 - loadIPPluginJar : add can
2024-01-30 17:17:50,836 [INFO] IPUIPlugin:80 - create IPUIPlugin
2024-01-30 17:17:50,836 [INFO] PluginManager:220 - loadIPPluginJar : add comp
2024-01-30 17:17:50,860 [INFO] IPUIPlugin:80 - create IPUIPlugin
2024-01-30 17:17:50,860 [INFO] PluginManager:220 - loadIPPluginJar : add cryp
2024-01-30 17:17:50,882 [INFO] IPUIPlugin:80 - create IPUIPlugin
2024-01-30 17:17:50,882 [INFO] PluginManager:220 - loadIPPluginJar : add dfsdm
2024-01-30 17:17:50,893 [INFO] IPUIPlugin:80 - create IPUIPlugin
2024-01-30 17:17:50,894 [INFO] PluginManager:220 - loadIPPluginJar : add dma
2024-01-30 17:17:50,925 [INFO] IPUIPlugin:80 - create IPUIPlugin
2024-01-30 17:17:50,925 [INFO] PluginManager:220 - loadIPPluginJar : add dma3
2024-01-30 17:17:50,942 [INFO] IPUIPlugin:80 - create IPUIPlugin
2024-01-30 17:17:50,942 [INFO] PluginManager:220 - loadIPPluginJar : add fatfs
2024-01-30 17:17:50,976 [INFO] IPUIPlugin:80 - create IPUIPlugin
2024-01-30 17:17:50,977 [INFO] PluginManager:220 - loadIPPluginJar : add fmc
2024-01-30 17:17:50,988 [INFO] IPUIPlugin:80 - create IPUIPlugin
2024-01-30 17:17:50,988 [INFO] PluginManager:220 - loadIPPluginJar : add freertos
2024-01-30 17:17:51,005 [INFO] IPUIPlugin:80 - create IPUIPlugin
2024-01-30 17:17:51,005 [INFO] PluginManager:220 - loadIPPluginJar : add genericplugin
2024-01-30 17:17:51,075 [INFO] IPUIPlugin:80 - create IPUIPlugin
2024-01-30 17:17:51,075 [INFO] PluginManager:220 - loadIPPluginJar : add gfxmmu
2024-01-30 17:17:51,171 [INFO] IPUIPlugin:80 - create IPUIPlugin
2024-01-30 17:17:51,171 [INFO] PluginManager:220 - loadIPPluginJar : add gic
2024-01-30 17:17:51,181 [INFO] IPUIPlugin:80 - create IPUIPlugin
2024-01-30 17:17:51,181 [INFO] PluginManager:220 - loadIPPluginJar : add gpio
2024-01-30 17:17:51,248 [INFO] IPUIPlugin:80 - create IPUIPlugin
2024-01-30 17:17:51,249 [INFO] PluginManager:220 - loadIPPluginJar : add gtzc
2024-01-30 17:17:51,273 [INFO] IPUIPlugin:80 - create IPUIPlugin
2024-01-30 17:17:51,273 [INFO] PluginManager:220 - loadIPPluginJar : add hash
2024-01-30 17:17:51,311 [INFO] IPUIPlugin:80 - create IPUIPlugin
2024-01-30 17:17:51,311 [INFO] PluginManager:220 - loadIPPluginJar : add i2c
2024-01-30 17:17:51,339 [INFO] IPUIPlugin:80 - create IPUIPlugin
2024-01-30 17:17:51,339 [INFO] PluginManager:220 - loadIPPluginJar : add i2s
2024-01-30 17:17:51,370 [INFO] IPUIPlugin:80 - create IPUIPlugin
2024-01-30 17:17:51,370 [INFO] PluginManager:220 - loadIPPluginJar : add i3c
2024-01-30 17:17:51,449 [INFO] IPUIPlugin:80 - create IPUIPlugin
2024-01-30 17:17:51,449 [INFO] PluginManager:220 - loadIPPluginJar : add ipddr
2024-01-30 17:17:51,520 [INFO] IPUIPlugin:80 - create IPUIPlugin
2024-01-30 17:17:51,521 [INFO] PluginManager:220 - loadIPPluginJar : add linkedlist
2024-01-30 17:17:51,547 [INFO] IPUIPlugin:80 - create IPUIPlugin
2024-01-30 17:17:51,547 [INFO] PluginManager:220 - loadIPPluginJar : add lorawan
2024-01-30 17:17:51,574 [INFO] IPUIPlugin:80 - create IPUIPlugin
2024-01-30 17:17:51,574 [INFO] PluginManager:220 - loadIPPluginJar : add ltdc
2024-01-30 17:17:51,584 [INFO] IPUIPlugin:80 - create IPUIPlugin
2024-01-30 17:17:51,584 [INFO] PluginManager:220 - loadIPPluginJar : add mdma
2024-01-30 17:17:51,594 [INFO] IPUIPlugin:80 - create IPUIPlugin
2024-01-30 17:17:51,594 [INFO] PluginManager:220 - loadIPPluginJar : add nvic
2024-01-30 17:17:51,626 [INFO] IPUIPlugin:80 - create IPUIPlugin
2024-01-30 17:17:51,626 [INFO] PluginManager:220 - loadIPPluginJar : add opamp
2024-01-30 17:17:51,675 [INFO] IPUIPlugin:80 - create IPUIPlugin
2024-01-30 17:17:51,675 [INFO] PluginManager:220 - loadIPPluginJar : add openamp
2024-01-30 17:17:51,708 [INFO] IPUIPlugin:80 - create IPUIPlugin
2024-01-30 17:17:51,708 [INFO] PluginManager:220 - loadIPPluginJar : add pdm2pcm
2024-01-30 17:17:51,718 [INFO] IPUIPlugin:80 - create IPUIPlugin
2024-01-30 17:17:51,720 [INFO] PluginManager:220 - loadIPPluginJar : add plateformsettings
2024-01-30 17:17:51,736 [INFO] IPUIPlugin:80 - create IPUIPlugin
2024-01-30 17:17:51,736 [INFO] PluginManager:220 - loadIPPluginJar : add quadspi
2024-01-30 17:17:51,746 [INFO] IPUIPlugin:80 - create IPUIPlugin
2024-01-30 17:17:51,746 [INFO] PluginManager:220 - loadIPPluginJar : add resmgrutility
2024-01-30 17:17:51,782 [INFO] IPUIPlugin:80 - create IPUIPlugin
2024-01-30 17:17:51,782 [INFO] PluginManager:220 - loadIPPluginJar : add sai
2024-01-30 17:17:51,808 [INFO] IPUIPlugin:80 - create IPUIPlugin
2024-01-30 17:17:51,808 [INFO] PluginManager:220 - loadIPPluginJar : add spi
2024-01-30 17:17:51,860 [INFO] IPUIPlugin:80 - create IPUIPlugin
2024-01-30 17:17:51,860 [INFO] PluginManager:220 - loadIPPluginJar : add stm32_wpan
2024-01-30 17:17:51,881 [INFO] IPUIPlugin:80 - create IPUIPlugin
2024-01-30 17:17:51,881 [INFO] PluginManager:220 - loadIPPluginJar : add tim
2024-01-30 17:17:51,925 [INFO] IPUIPlugin:80 - create IPUIPlugin
2024-01-30 17:17:51,925 [INFO] PluginManager:220 - loadIPPluginJar : add touchsensing
2024-01-30 17:17:51,942 [INFO] IPUIPlugin:80 - create IPUIPlugin
2024-01-30 17:17:51,942 [INFO] PluginManager:220 - loadIPPluginJar : add tracer_emb
2024-01-30 17:17:51,959 [INFO] IPUIPlugin:80 - create IPUIPlugin
2024-01-30 17:17:51,959 [INFO] PluginManager:220 - loadIPPluginJar : add ts
2024-01-30 17:17:51,974 [INFO] IPUIPlugin:80 - create IPUIPlugin
2024-01-30 17:17:51,974 [INFO] PluginManager:220 - loadIPPluginJar : add tsc
2024-01-30 17:17:51,989 [INFO] IPUIPlugin:80 - create IPUIPlugin
2024-01-30 17:17:51,989 [INFO] PluginManager:220 - loadIPPluginJar : add ucpd
2024-01-30 17:17:52,021 [INFO] IPUIPlugin:80 - create IPUIPlugin
2024-01-30 17:17:52,021 [INFO] PluginManager:220 - loadIPPluginJar : add usart
2024-01-30 17:17:52,053 [INFO] IPUIPlugin:80 - create IPUIPlugin
2024-01-30 17:17:52,053 [INFO] PluginManager:220 - loadIPPluginJar : add usbx
2024-01-30 17:17:52,173 [INFO] CADModel:165 - CPN selected for project level
2024-01-30 17:17:52,173 [INFO] CADModel:114 - Register for checkConnection events
2024-01-30 17:17:52,173 [FATAL] Updater:308 - Updater called before beeing initialized
2024-01-30 17:17:52,174 [ERROR] CADModel:125 - Updater not yet initialized, retry later 
2024-01-30 17:17:52,297 [INFO] CADModel:165 - CPN selected for project level
2024-01-30 17:17:52,297 [INFO] CADModel:114 - Register for checkConnection events
2024-01-30 17:17:52,297 [FATAL] Updater:308 - Updater called before beeing initialized
2024-01-30 17:17:52,297 [ERROR] CADModel:125 - Updater not yet initialized, retry later 
2024-01-30 17:17:52,300 [FATAL] Updater:308 - Updater called before beeing initialized
2024-01-30 17:17:52,415 [FATAL] Updater:308 - Updater called before beeing initialized
2024-01-30 17:17:52,418 [INFO] DbMcusAds:53 - JSON generation date=Wed Nov 29 17:52:27 ICT 2023 (1701255147200)
2024-01-30 17:17:52,419 [FATAL] Updater:308 - Updater called before beeing initialized
2024-01-30 17:17:52,488 [WARN] DetailPanel:346 - Failed to get advertising image, set to default
2024-01-30 17:17:52,566 [FATAL] Updater:308 - Updater called before beeing initialized
2024-01-30 17:17:52,569 [FATAL] Updater:308 - Updater called before beeing initialized
2024-01-30 17:17:52,569 [FATAL] Updater:308 - Updater called before beeing initialized
2024-01-30 17:17:52,569 [WARN] DetailPanel:346 - Failed to get advertising image, set to default
2024-01-30 17:17:52,570 [FATAL] Updater:308 - Updater called before beeing initialized
2024-01-30 17:17:52,633 [ERROR] Updater:1120 - MainUpdater not yet initialized. External WinMGr cannot be set.
2024-01-30 17:17:52,644 [INFO] Updater:1056 - Updater Version found : 6.10.0
2024-01-30 17:17:52,664 [INFO] ApplicationProperties:184 - Using Application install path: C:\ST\STM32CubeIDE_1.14.1\STM32CubeIDE\plugins\com.st.stm32cube.common.mx_6.10.0.202311202037
2024-01-30 17:17:53,207 [INFO] ThirdPartyUpdaterWithRetryManager:70 - Updater plugin not ready yet. [2/15]
2024-01-30 17:17:54,244 [ERROR] LogOutputStream:75 - [STDERR_REDIRECT] Jan 30, 2024 5:17:54 PM java.util.prefs.WindowsPreferences <init>
2024-01-30 17:17:54,246 [ERROR] LogOutputStream:75 - [STDERR_REDIRECT] WARNING: Could not open/create prefs root node Software\JavaSoft\Prefs at root 0xffffffff80000002. Windows RegCreateKeyEx(...) returned error code 5.
2024-01-30 17:17:54,246 [ERROR] LogOutputStream:75 - [STDERR_REDIRECT] 
2024-01-30 17:17:54,613 [INFO] MainUpdater:2873 - connection check result : 10
2024-01-30 17:17:54,613 [INFO] MainUpdater:290 - Updater Check For Update Now.
2024-01-30 17:17:54,614 [INFO] MicroXplorer:498 - Change Database Version : DB.6.0.100
2024-01-30 17:17:54,631 [INFO] McuFinderGlobals:63 - Set McuFinder mode to 2 (CubeIDE integrated)
2024-01-30 17:17:54,632 [INFO] UserAuth:180 - activating auth plugin
2024-01-30 17:17:54,635 [INFO] UserAuth:404 - Internet connection configuration mode: 1
2024-01-30 17:17:54,671 [INFO] JxBrowserEngine:152 - Initiate JxBrowser Engine with user profile folder
2024-01-30 17:17:54,856 [INFO] CheckServerUpdateThread:120 - End of CheckServer Thread
2024-01-30 17:17:54,859 [INFO] MainUpdater:2873 - connection check result : 10
2024-01-30 17:17:55,509 [INFO] ApiDb:581 - Connected to CubeFinder SQLite database (C:\Users\nmtua\.stmcufinder\plugins\mcufinder\mcu\cube-finder-db.db)
2024-01-30 17:17:55,603 [INFO] ApiDb:668 - CubeFinder database Data Model version=2.1
2024-01-30 17:17:55,604 [INFO] ApiDb:669 - CubeFinder database Configuration version=3.0.39
2024-01-30 17:17:55,604 [INFO] ApiDb:670 - CubeFinder database generation date=2024-01-11 (1704964531)
2024-01-30 17:17:55,604 [INFO] ApiDb:671 - CubeFinder database FW Pack versions=[FP-ATR-ASTRA1_V2.0.0, FP-SNS-FLIGHT1_V5.0.1, FP-SNS-FLIGHT1_V5.0.2, FP-SNS-MOTENV1_V4.3.1, FP-SNS-MOTENV1_V4.3.2, FP-SNS-MOTENVWB1_V1.3.1, FP-SNS-SMARTAG2_V1.2.0, STM32Cube_FW_C0_V1.1.0, STM32Cube_FW_F4_V1.28.0, STM32Cube_FW_F7_V1.17.0, STM32Cube_FW_G0_V1.6.2, STM32Cube_FW_G4_V1.5.2, STM32Cube_FW_H5_V0.5.1, STM32Cube_FW_H5_V1.1.1, STM32Cube_FW_H5_V1.2.0RC2, STM32Cube_FW_H7_V1.11.0, STM32Cube_FW_L0_V1.12.2, STM32Cube_FW_L5_V1.5.0, STM32Cube_FW_U5_V1.3.0RC4, STM32Cube_FW_U5_V1.4.0, STM32Cube_FW_WBA_V1.0.0RC1, STM32Cube_FW_WBA_V1.1.0RC1, STM32Cube_FW_WBA_V1.2.0, STM32Cube_FW_WBA_V1.2.0RC2, STM32Cube_FW_WB_V1.15.0RC1, STM32Cube_FW_WB_V1.16.0, STM32Cube_FW_WB_V1.16.0RC2, STM32Cube_FW_WB_V1.18.0, STM32Cube_FW_WL_V1.3.0, X-CUBE-ALGOBUILD_V1.3.0, X-CUBE-ALS_V1.0.1, X-CUBE-AZRTOS-F4_V1.1.0, X-CUBE-AZRTOS-F7_V1.1.0, X-CUBE-AZRTOS-G0_V1.1.0, X-CUBE-AZRTOS-G4_V2.0.0, X-CUBE-AZRTOS-H7_V3.2.0, X-CUBE-AZRTOS-L4_V1.0.0, X-CUBE-AZRTOS-L4_V2.0.0, X-CUBE-AZRTOS-L5_V1.1.0, X-CUBE-AZRTOS-WB_V2.0.0, X-CUBE-AZRTOS-WL_V2.0.0, X-CUBE-BLE1_V7.0.0, X-CUBE-BLE2_V3.3.0, X-CUBE-BLEMGR_V3.0.0, X-CUBE-EEPRMA1_V4.1.0, X-CUBE-EEPRMA1_V4.2.0, X-CUBE-FREERTOS_V1.1.0, X-CUBE-GNSS1_V6.0.0, X-CUBE-MEMS1_V10.0.0, X-CUBE-MEMS1_V9.1.0, X-CUBE-MEMS1_V9.4.0, X-CUBE-MEMS1_V9.6.0, X-CUBE-NFC4_V3.0.0, X-CUBE-NFC7_V1.0.1, X-CUBE-SFXS2LP1_V4.0.0, X-CUBE-SUBG2_V5.0.0, X-CUBE-TOF1_V3.4.0]
2024-01-30 17:17:55,730 [INFO] DbBoardsSqlite:226 - include board P-NUCLEO-WB55-NUCLEO as a kit item of type 'Nucleo-64'
2024-01-30 17:17:55,730 [INFO] DbBoardsSqlite:226 - include board P-NUCLEO-WB55-USBDONGLE as a kit item of type 'Nucleo USB Dongle'
2024-01-30 17:17:55,731 [INFO] DbBoardsSqlite:226 - include board STEVAL-IDP005V1 as a kit item of type 'Evaluation Board'
2024-01-30 17:17:55,731 [INFO] DbBoardsSqlite:226 - include board STEVAL-IDP005V2 as a kit item of type 'Evaluation Board'
2024-01-30 17:17:56,070 [INFO] ApiDb:240 - Found 371 in-development CPN: [B-G473E-ZEST1S, B-WB1M-WPAN1, B-WL5M-SUBG1, NUCLEO-C031C6, NUCLEO-H503RB, NUCLEO-H563ZI, NUCLEO-U545RE-Q, NUCLEO-U5A5ZJ-Q, NUCLEO-WBA52CG, NUCLEO-WBA55CG, STEVAL-MKBOXPRO, STEVAL-PROTEUS1, STEVAL-STWINBX1, STM320518-EVAL, STM32C0116-DK, STM32C011D6Y3TR, STM32C011D6Y6TR, STM32C011F4P3, STM32C011F4P6, STM32C011F4U3, STM32C011F4U6TR, STM32C011F6P3, STM32C011F6P6, STM32C011F6U3, STM32C011F6U6TR, STM32C011J4M3, STM32C011J4M6, STM32C011J6M3, STM32C011J6M6, STM32C0316-DK, STM32C031C4T3, STM32C031C4T6, STM32C031C4U3, STM32C031C4U6, STM32C031C6T3, STM32C031C6T6, STM32C031C6U3, STM32C031C6U6, STM32C031F4P3, STM32C031F4P6, STM32C031F6P3, STM32C031F6P6, STM32C031G4U3, STM32C031G4U6, STM32C031G6U3, STM32C031G6U6, STM32C031K4T3, STM32C031K4T6, STM32C031K4U3, STM32C031K4U6, STM32C031K6T3, STM32C031K6T6, STM32C031K6U3, STM32C031K6U6, STM32G071K8TXN, STM32G071K8UXN, STM32G081GBU6N, STM32G081KBT6N, STM32G081KBUXN, STM32G0B1CCT6N, STM32G0B1KCT6, STM32G0B1NEY6TR, STM32G0B1RCT6N, STM32G0C1CCT6, STM32G0C1CCT6N, STM32G0C1CCU6N, STM32G0C1CET6N, STM32G0C1CEU6N, STM32G0C1KCT6, STM32G0C1NEY6TR, STM32G0C1RCI6N, STM32G0C1RCT6N, STM32G0C1REI6N, STM32G0C1RET6N, STM32G0C1VCI6, STM32G0C1VEI6, STM32G471CCT6, STM32G471CCU6, STM32G471CET3, STM32G471CET6, STM32G471CEU3, STM32G471CEU6, STM32G471MCT6, STM32G471MET3, STM32G471MET6, STM32G471MEY6TR, STM32G471QCT6, STM32G471QET3, STM32G471RCT6, STM32G471RET3, STM32G471RET6, STM32G471VCH6, STM32G471VCI6, STM32G471VCT6, STM32G471VEH3, STM32G471VEH6, STM32G471VEI3, STM32G471VEI6, STM32G471VET3, STM32G471VET6, STM32G474CCT6, STM32H503CBT6, STM32H503CBU6, STM32H503EBY6TR, STM32H503KBU6, STM32H503RBT6, STM32H562AGI6, STM32H562AII6, STM32H562IGK6, STM32H562IGT6, STM32H562IIK6, STM32H562IIT6, STM32H562RGT6, STM32H562RGV6, STM32H562RIT6, STM32H562RIV6, STM32H562VGT6, STM32H562VIT6, STM32H562ZGT6, STM32H562ZIT6, STM32H563AGI6, STM32H563AII3Q, STM32H563AII6, STM32H563IGK6, STM32H563IGT6, STM32H563IIK3Q, STM32H563IIK6, STM32H563IIT3Q, STM32H563IIT6, STM32H563MIY3QTR, STM32H563RGT6, STM32H563RGV6, STM32H563RIT6, STM32H563RIV6, STM32H563VGT6, STM32H563VIT3Q, STM32H563VIT6, STM32H563ZGT6, STM32H563ZIT3Q, STM32H563ZIT6, STM32H573AII3Q, STM32H573AII6, STM32H573I-DK, STM32H573IIK3Q, STM32H573IIK6, STM32H573IIT3Q, STM32H573IIT6, STM32H573MIY3QTR, STM32H573RIT6, STM32H573RIV6, STM32H573VIT3Q, STM32H573VIT6, STM32H573ZIT3Q, STM32H573ZIT6, STM32L4R5QGI6STR, STM32MP131AAE3, STM32MP131AAF3, STM32MP131AAG3, STM32MP131CAE3, STM32MP131CAF3, STM32MP131CAG3, STM32MP131DAE7, STM32MP131DAF7, STM32MP131DAG7, STM32MP131FAE7, STM32MP131FAF7, STM32MP131FAG7, STM32MP133AAE3, STM32MP133AAF3, STM32MP133AAG3, STM32MP133CAE3, STM32MP133CAF3, STM32MP133CAG3, STM32MP133DAE7, STM32MP133DAF7, STM32MP133DAG7, STM32MP133FAE7, STM32MP133FAF7, STM32MP133FAG7, STM32MP135AAE3, STM32MP135AAF3, STM32MP135AAG3, STM32MP135CAE3, STM32MP135CAF3, STM32MP135CAG3, STM32MP135DAE7, STM32MP135DAF7, STM32MP135DAG7, STM32MP135F-DK, STM32MP135FAE7, STM32MP135FAF7, STM32MP135FAF7T, STM32MP135FAF7U, STM32MP135FAG7, STM32U535CBT6, STM32U535CBT6Q, STM32U535CBU6, STM32U535CBU6Q, STM32U535CCT6, STM32U535CCT6Q, STM32U535CCU6, STM32U535CCU6Q, STM32U535CET6, STM32U535CET6Q, STM32U535CEU6, STM32U535CEU6Q, STM32U535JEY6QTR, STM32U535NCY6QTR, STM32U535NEY6QTR, STM32U535RBI6, STM32U535RBI6Q, STM32U535RBT6, STM32U535RBT6Q, STM32U535RCI6, STM32U535RCI6Q, STM32U535RCT6, STM32U535RCT6Q, STM32U535REI6, STM32U535REI6Q, STM32U535RET6, STM32U535RET6Q, STM32U535VCI6, STM32U535VCI6Q, STM32U535VCT6, STM32U535VCT6Q, STM32U535VEI6, STM32U535VEI6Q, STM32U535VET6, STM32U535VET6Q, STM32U545CET6, STM32U545CET6Q, STM32U545CEU6, STM32U545CEU6Q, STM32U545JEY6QTR, STM32U545NEY6QTR, STM32U545REI6, STM32U545REI6Q, STM32U545RET6, STM32U545RET6Q, STM32U545VEI6, STM32U545VEI6Q, STM32U545VET6, STM32U545VET6Q, STM32U595AIH6, STM32U595AIH6Q, STM32U595AJH6, STM32U595AJH6Q, STM32U595QII6, STM32U595QII6Q, STM32U595QJI6, STM32U595QJI6Q, STM32U595RIT6, STM32U595RIT6Q, STM32U595RJT6, STM32U595RJT6Q, STM32U595VIT6, STM32U595VIT6Q, STM32U595VJT6, STM32U595VJT6Q, STM32U595ZIT6, STM32U595ZIT6Q, STM32U595ZIY6QTR, STM32U595ZJT6, STM32U595ZJT6Q, STM32U595ZJY6QTR, STM32U599BJY6QTR, STM32U599NIH6Q, STM32U599NJH6Q, STM32U599VIT6Q, STM32U599VJT6, STM32U599VJT6Q, STM32U599ZIT6Q, STM32U599ZIY6QTR, STM32U599ZJT6Q, STM32U599ZJY6QTR, STM32U5A5AJH6, STM32U5A5AJH6Q, STM32U5A5QJI6, STM32U5A5QJI6Q, STM32U5A5RJT6, STM32U5A5RJT6Q, STM32U5A5VJT6, STM32U5A5VJT6Q, STM32U5A5ZJT6, STM32U5A5ZJT6Q, STM32U5A5ZJY6QTR, STM32U5A9BJY6QTR, STM32U5A9J-DK, STM32U5A9NJH6Q, STM32U5A9VJT6Q, STM32U5A9ZJT6Q, STM32U5A9ZJY6QTR, STM32U5F7VIT6, STM32U5F7VIT6Q, STM32U5F7VJT6, STM32U5F7VJT6Q, STM32U5F9BJY6QTR, STM32U5F9NJH6Q, STM32U5F9VIT6Q, STM32U5F9VJT6Q, STM32U5F9ZIJ6QTR, STM32U5F9ZIT6Q, STM32U5F9ZJJ6QTR, STM32U5F9ZJT6Q, STM32U5G7VJT6, STM32U5G7VJT6Q, STM32U5G9BJY6QTR, STM32U5G9J-DK1, STM32U5G9J-DK2, STM32U5G9NJH6Q, STM32U5G9VJT6Q, STM32U5G9ZJJ6QTR, STM32U5G9ZJT6Q, STM32WB1MMCH6, STM32WBA50KEU6, STM32WBA50KEU6TR, STM32WBA50KGU6, STM32WBA50KGU6TR, STM32WBA52CEU6, STM32WBA52CEU6TR, STM32WBA52CEU7, STM32WBA52CEU7TR, STM32WBA52CGU6, STM32WBA52CGU6TR, STM32WBA52CGU6U, STM32WBA52CGU7, STM32WBA52CGU7TR, STM32WBA52KEU6, STM32WBA52KEU6TR, STM32WBA52KGU6, STM32WBA52KGU6TR, STM32WBA54CEU6, STM32WBA54CEU6TR, STM32WBA54CEU7, STM32WBA54CEU7TR, STM32WBA54CGU6, STM32WBA54CGU6TR, STM32WBA54CGU7, STM32WBA54CGU7TR, STM32WBA54KEU6, STM32WBA54KEU6TR, STM32WBA54KEU7, STM32WBA54KEU7TR, STM32WBA54KGU6, STM32WBA54KGU6TR, STM32WBA54KGU7, STM32WBA54KGU7TR, STM32WBA55CEU6, STM32WBA55CEU6TR, STM32WBA55CEU7, STM32WBA55CEU7TR, STM32WBA55CGU6, STM32WBA55CGU6TR, STM32WBA55CGU6U, STM32WBA55CGU7, STM32WBA55CGU7TR, STM32WBA55G-DK1, STM32WBA55HEF6, STM32WBA55HEF7, STM32WBA55HGF6, STM32WBA55HGF7, STM32WBA55UEI6, STM32WBA55UEI6TR, STM32WBA55UEI7, STM32WBA55UEI7TR, STM32WBA55UGI6, STM32WBA55UGI6TR, STM32WBA55UGI7, STM32WBA55UGI7TR, STM32WL5MOCH6, STM32WL5MOCH6TR]
2024-01-30 17:17:56,341 [INFO] BoardInfo:889 - No configuration file found for board P-NUCLEO-WB55
2024-01-30 17:17:56,342 [INFO] DbBoards:161 - Kit is not supported: P-NUCLEO-WB55
2024-01-30 17:17:56,353 [INFO] BoardInfo:889 - No configuration file found for board STEVAL-BFA001V1B
2024-01-30 17:17:56,354 [INFO] DbBoards:161 - Kit is not supported: STEVAL-BFA001V1B
2024-01-30 17:17:56,356 [INFO] BoardInfo:889 - No configuration file found for board STEVAL-BFA001V2B
2024-01-30 17:17:56,357 [INFO] DbBoards:161 - Kit is not supported: STEVAL-BFA001V2B
2024-01-30 17:17:56,472 [WARN] PackLoader:240 - Cannot read IP mode file for STMicroelectronics.X-CUBE-SMBUS.2.1.0
2024-01-30 17:17:56,492 [WARN] PackLoader:240 - Cannot read IP mode file for STMicroelectronics.X-CUBE-TOUCHGFX.4.23.0
2024-01-30 17:17:56,555 [WARN] PackLoader:240 - Cannot read IP mode file for STMicroelectronics.X-CUBE-AZRTOS-F7.1.1.0
2024-01-30 17:17:56,586 [WARN] PackLoader:240 - Cannot read IP mode file for STMicroelectronics.FP-SNS-MOTENV1.4.3.2
2024-01-30 17:17:56,612 [WARN] PackLoader:240 - Cannot read IP mode file for STMicroelectronics.FP-SNS-FLIGHT1.5.0.2
2024-01-30 17:17:56,629 [INFO] DbBoards:168 - Found 193 boards, 190 are supported
2024-01-30 17:17:56,630 [INFO] DbBoards:169 - Found 193 boards, 3 of them is supported for  Bsp
2024-01-30 17:17:56,635 [INFO] ApiDb:668 - CubeFinder database Data Model version=2.1
2024-01-30 17:17:56,635 [INFO] ApiDb:669 - CubeFinder database Configuration version=3.0.39
2024-01-30 17:17:56,635 [INFO] ApiDb:670 - CubeFinder database generation date=2024-01-11 (1704964531)
2024-01-30 17:17:56,635 [INFO] ApiDb:671 - CubeFinder database FW Pack versions=[FP-ATR-ASTRA1_V2.0.0, FP-SNS-FLIGHT1_V5.0.1, FP-SNS-FLIGHT1_V5.0.2, FP-SNS-MOTENV1_V4.3.1, FP-SNS-MOTENV1_V4.3.2, FP-SNS-MOTENVWB1_V1.3.1, FP-SNS-SMARTAG2_V1.2.0, STM32Cube_FW_C0_V1.1.0, STM32Cube_FW_F4_V1.28.0, STM32Cube_FW_F7_V1.17.0, STM32Cube_FW_G0_V1.6.2, STM32Cube_FW_G4_V1.5.2, STM32Cube_FW_H5_V0.5.1, STM32Cube_FW_H5_V1.1.1, STM32Cube_FW_H5_V1.2.0RC2, STM32Cube_FW_H7_V1.11.0, STM32Cube_FW_L0_V1.12.2, STM32Cube_FW_L5_V1.5.0, STM32Cube_FW_U5_V1.3.0RC4, STM32Cube_FW_U5_V1.4.0, STM32Cube_FW_WBA_V1.0.0RC1, STM32Cube_FW_WBA_V1.1.0RC1, STM32Cube_FW_WBA_V1.2.0, STM32Cube_FW_WBA_V1.2.0RC2, STM32Cube_FW_WB_V1.15.0RC1, STM32Cube_FW_WB_V1.16.0, STM32Cube_FW_WB_V1.16.0RC2, STM32Cube_FW_WB_V1.18.0, STM32Cube_FW_WL_V1.3.0, X-CUBE-ALGOBUILD_V1.3.0, X-CUBE-ALS_V1.0.1, X-CUBE-AZRTOS-F4_V1.1.0, X-CUBE-AZRTOS-F7_V1.1.0, X-CUBE-AZRTOS-G0_V1.1.0, X-CUBE-AZRTOS-G4_V2.0.0, X-CUBE-AZRTOS-H7_V3.2.0, X-CUBE-AZRTOS-L4_V1.0.0, X-CUBE-AZRTOS-L4_V2.0.0, X-CUBE-AZRTOS-L5_V1.1.0, X-CUBE-AZRTOS-WB_V2.0.0, X-CUBE-AZRTOS-WL_V2.0.0, X-CUBE-BLE1_V7.0.0, X-CUBE-BLE2_V3.3.0, X-CUBE-BLEMGR_V3.0.0, X-CUBE-EEPRMA1_V4.1.0, X-CUBE-EEPRMA1_V4.2.0, X-CUBE-FREERTOS_V1.1.0, X-CUBE-GNSS1_V6.0.0, X-CUBE-MEMS1_V10.0.0, X-CUBE-MEMS1_V9.1.0, X-CUBE-MEMS1_V9.4.0, X-CUBE-MEMS1_V9.6.0, X-CUBE-NFC4_V3.0.0, X-CUBE-NFC7_V1.0.1, X-CUBE-SFXS2LP1_V4.0.0, X-CUBE-SUBG2_V5.0.0, X-CUBE-TOF1_V3.4.0]
2024-01-30 17:17:56,637 [WARN] PackLoader:240 - Cannot read IP mode file for STMicroelectronics.X-CUBE-DISPLAY.3.0.0
2024-01-30 17:17:56,664 [WARN] PackLoader:240 - Cannot read IP mode file for STMicroelectronics.X-CUBE-BLE1.7.0.0
2024-01-30 17:17:56,681 [WARN] PackLoader:240 - Cannot read IP mode file for emotas.I-CUBE-CANOPEN.1.3.0
2024-01-30 17:17:56,697 [WARN] PackLoader:240 - Cannot read IP mode file for STMicroelectronics.FP-SNS-SMARTAG2.1.2.0
2024-01-30 17:17:56,725 [INFO] LogOutputStream:77 - [STDOUT_REDIRECT] 1 : Invalid condition id : UX_CORESTACK_Condition cause : null
2024-01-30 17:17:56,727 [INFO] LogOutputStream:77 - [STDOUT_REDIRECT] 1 : Invalid condition id : UX_CORESTACK_Condition cause : null
2024-01-30 17:17:56,728 [INFO] LogOutputStream:77 - [STDOUT_REDIRECT] 1 : Invalid condition id : UX_CORESTACK_Condition cause : null
2024-01-30 17:17:56,730 [INFO] LogOutputStream:77 - [STDOUT_REDIRECT] 1 : Invalid condition id : UX_CORESTACK_Condition cause : null
2024-01-30 17:17:56,731 [INFO] LogOutputStream:77 - [STDOUT_REDIRECT] 1 : Invalid condition id : UX_CORESTACK_Condition cause : null
2024-01-30 17:17:56,736 [WARN] PackLoader:240 - Cannot read IP mode file for STMicroelectronics.X-CUBE-AZRTOS-WL.2.0.0
2024-01-30 17:17:56,757 [WARN] PackLoader:240 - Cannot read IP mode file for WES.I-CUBE-Cesium.1.3.0
2024-01-30 17:17:56,773 [WARN] PackLoader:240 - Cannot read IP mode file for STMicroelectronics.X-CUBE-BLE2.3.3.0
2024-01-30 17:17:56,793 [WARN] PackLoader:240 - Cannot read IP mode file for STMicroelectronics.X-CUBE-ALGOBUILD.1.3.0
2024-01-30 17:17:56,835 [WARN] PackLoader:240 - Cannot read IP mode file for STMicroelectronics.X-CUBE-AZRTOS-G0.1.1.0
2024-01-30 17:17:56,858 [WARN] PackLoader:240 - Cannot read IP mode file for STMicroelectronics.X-CUBE-NFC4.3.0.0
2024-01-30 17:17:56,886 [WARN] PackLoader:240 - Cannot read IP mode file for STMicroelectronics.X-CUBE-BLEMGR.3.0.0
2024-01-30 17:17:56,906 [WARN] PackLoader:240 - Cannot read IP mode file for STMicroelectronics.FP-ATR-SIGFOX1.3.2.0
2024-01-30 17:17:56,921 [WARN] PackLoader:240 - Cannot read IP mode file for STMicroelectronics.X-CUBE-EEPRMA1.5.1.0
2024-01-30 17:17:56,977 [WARN] PackLoader:240 - Cannot read IP mode file for SEGGER.I-CUBE-embOS.1.3.1
2024-01-30 17:17:57,042 [WARN] PackLoader:240 - Cannot read IP mode file for STMicroelectronics.X-CUBE-GNSS1.6.0.0
2024-01-30 17:17:57,084 [WARN] PackLoader:240 - Cannot read IP mode file for STMicroelectronics.X-CUBE-AZRTOS-F4.1.1.0
2024-01-30 17:17:57,105 [WARN] PackLoader:240 - Cannot read IP mode file for wolfSSL.I-CUBE-wolfSSL.5.6.6
2024-01-30 17:17:57,142 [WARN] PackLoader:240 - Cannot read IP mode file for STMicroelectronics.X-CUBE-AZRTOS-L5.2.0.0
2024-01-30 17:17:57,161 [WARN] PackLoader:240 - Cannot read IP mode file for ITTIA_DB.I-CUBE-ITTIADB.8.8.0
2024-01-30 17:17:57,177 [WARN] PackLoader:240 - Cannot read IP mode file for STMicroelectronics.X-CUBE-NFC7.1.0.1
2024-01-30 17:17:57,200 [WARN] PackLoader:240 - Cannot read IP mode file for STMicroelectronics.X-CUBE-NFC6.3.0.0
2024-01-30 17:17:57,220 [WARN] PackLoader:240 - Cannot read IP mode file for STMicroelectronics.X-CUBE-AI.8.1.0
2024-01-30 17:17:57,265 [WARN] ConditionMgr:438 - getConditionDescription Invalid condition id : LAN8742 Phy interface Condition cause : null
2024-01-30 17:17:57,266 [WARN] PackLoader:240 - Cannot read IP mode file for STMicroelectronics.X-CUBE-AZRTOS-L4.2.0.0
2024-01-30 17:17:57,268 [WARN] ConditionMgr:1039 - genDependencies : Invalid condition id : LAN8742 Phy interface Condition cause : null
2024-01-30 17:17:57,268 [WARN] ConditionMgr:1039 - genDependencies : Invalid condition id : LAN8742 Phy interface Condition cause : null
2024-01-30 17:17:57,269 [WARN] ConditionMgr:1039 - genDependencies : Invalid condition id : LAN8742 Phy interface Condition cause : null
2024-01-30 17:17:57,289 [WARN] PackLoader:240 - Cannot read IP mode file for STMicroelectronics.X-CUBE-SFXS2LP1.4.0.0
2024-01-30 17:17:57,324 [WARN] ConditionMgr:438 - getConditionDescription Invalid condition id : UX DEVICE CLASS RTOS Condition cause : null
2024-01-30 17:17:57,324 [WARN] ConditionMgr:438 - getConditionDescription Invalid condition id : UX DEVICE CLASS RTOS Condition cause : null
2024-01-30 17:17:57,328 [WARN] PackLoader:240 - Cannot read IP mode file for STMicroelectronics.X-CUBE-AZRTOS-WB.2.0.0
2024-01-30 17:17:57,329 [WARN] ConditionMgr:1039 - genDependencies : Invalid condition id : UX DEVICE CLASS RTOS Condition cause : null
2024-01-30 17:17:57,329 [WARN] ConditionMgr:1039 - genDependencies : Invalid condition id : UX DEVICE CLASS RTOS Condition cause : null
2024-01-30 17:17:57,330 [WARN] ConditionMgr:1039 - genDependencies : Invalid condition id : UX DEVICE CLASS RTOS Condition cause : null
2024-01-30 17:17:57,330 [WARN] ConditionMgr:1039 - genDependencies : Invalid condition id : UX DEVICE CLASS RTOS Condition cause : null
2024-01-30 17:17:57,331 [WARN] ConditionMgr:1039 - genDependencies : Invalid condition id : UX DEVICE CLASS RTOS Condition cause : null
2024-01-30 17:17:57,358 [WARN] PackLoader:240 - Cannot read IP mode file for STMicroelectronics.X-CUBE-SUBG2.5.0.0
2024-01-30 17:17:57,399 [WARN] PackLoader:240 - Cannot read IP mode file for STMicroelectronics.X-CUBE-AZRTOS-G4.2.0.0
2024-01-30 17:17:57,430 [WARN] PackLoader:240 - Cannot read IP mode file for Infineon.AIROC-Wi-Fi-Bluetooth-STM32.1.5.1
2024-01-30 17:17:57,451 [WARN] PackLoader:240 - Cannot read IP mode file for STMicroelectronics.FP-SNS-MOTENVWB1.1.3.1
2024-01-30 17:17:57,468 [WARN] PackLoader:240 - Cannot read IP mode file for STMicroelectronics.X-CUBE-ISPU.2.0.0
2024-01-30 17:17:57,544 [WARN] PackLoader:240 - Cannot read IP mode file for STMicroelectronics.X-CUBE-MEMS1.10.0.0
2024-01-30 17:17:57,739 [WARN] PackLoader:240 - Cannot read IP mode file for STMicroelectronics.X-CUBE-FREERTOS.1.1.0
2024-01-30 17:17:57,757 [WARN] PackLoader:240 - Cannot read IP mode file for portGmbH.I-Cube-SoM-uGOAL.1.1.0
2024-01-30 17:17:57,774 [WARN] PackLoader:240 - Cannot read IP mode file for STMicroelectronics.X-CUBE-ALS.1.0.1
2024-01-30 17:17:57,786 [WARN] PackLoader:240 - Cannot read IP mode file for STMicroelectronics.FP-ATR-ASTRA1.2.0.0
2024-01-30 17:17:57,821 [WARN] PackLoader:240 - Cannot read IP mode file for STMicroelectronics.X-CUBE-TOF1.3.4.0
2024-01-30 17:17:57,969 [WARN] PackLoader:240 - Cannot read IP mode file for STMicroelectronics.X-CUBE-AZRTOS-H7.3.2.0
2024-01-30 17:17:57,974 [INFO] ThirdParty:978 - Integrity check success = true
2024-01-30 17:17:57,974 [INFO] IntegrityCheckThread:100 - exiting critical section [integrity check]
2024-01-30 17:17:57,974 [INFO] IntegrityCheckThread:103 - End integrity checks thread
2024-01-30 17:17:58,366 [INFO] WebApp:161 - Instantiating new browser for Auth
2024-01-30 17:17:59,013 [INFO] WebApp:780 - Register for checkConnection events
2024-01-30 17:17:59,013 [INFO] WebApp:414 - Apply proxy settings
2024-01-30 17:17:59,013 [INFO] WebApp:499 - Chromium requires no authentication
2024-01-30 17:17:59,019 [INFO] WebApp:442 - Direct internet connection detected
2024-01-30 17:17:59,157 [INFO] WebApp:192 - Starting web application
2024-01-30 17:17:59,157 [INFO] WebApp:544 - Web application path used C:\ST\STM32CubeIDE_1.14.1\STM32CubeIDE\plugins\com.st.stm32cube.common.mx_6.10.0.202311202037\db\plugins\mcufinder\reactClient1\index.html
2024-01-30 17:17:59,428 [INFO] ApiDb:240 - Found 371 in-development CPN: [B-G473E-ZEST1S, B-WB1M-WPAN1, B-WL5M-SUBG1, NUCLEO-C031C6, NUCLEO-H503RB, NUCLEO-H563ZI, NUCLEO-U545RE-Q, NUCLEO-U5A5ZJ-Q, NUCLEO-WBA52CG, NUCLEO-WBA55CG, STEVAL-MKBOXPRO, STEVAL-PROTEUS1, STEVAL-STWINBX1, STM320518-EVAL, STM32C0116-DK, STM32C011D6Y3TR, STM32C011D6Y6TR, STM32C011F4P3, STM32C011F4P6, STM32C011F4U3, STM32C011F4U6TR, STM32C011F6P3, STM32C011F6P6, STM32C011F6U3, STM32C011F6U6TR, STM32C011J4M3, STM32C011J4M6, STM32C011J6M3, STM32C011J6M6, STM32C0316-DK, STM32C031C4T3, STM32C031C4T6, STM32C031C4U3, STM32C031C4U6, STM32C031C6T3, STM32C031C6T6, STM32C031C6U3, STM32C031C6U6, STM32C031F4P3, STM32C031F4P6, STM32C031F6P3, STM32C031F6P6, STM32C031G4U3, STM32C031G4U6, STM32C031G6U3, STM32C031G6U6, STM32C031K4T3, STM32C031K4T6, STM32C031K4U3, STM32C031K4U6, STM32C031K6T3, STM32C031K6T6, STM32C031K6U3, STM32C031K6U6, STM32G071K8TXN, STM32G071K8UXN, STM32G081GBU6N, STM32G081KBT6N, STM32G081KBUXN, STM32G0B1CCT6N, STM32G0B1KCT6, STM32G0B1NEY6TR, STM32G0B1RCT6N, STM32G0C1CCT6, STM32G0C1CCT6N, STM32G0C1CCU6N, STM32G0C1CET6N, STM32G0C1CEU6N, STM32G0C1KCT6, STM32G0C1NEY6TR, STM32G0C1RCI6N, STM32G0C1RCT6N, STM32G0C1REI6N, STM32G0C1RET6N, STM32G0C1VCI6, STM32G0C1VEI6, STM32G471CCT6, STM32G471CCU6, STM32G471CET3, STM32G471CET6, STM32G471CEU3, STM32G471CEU6, STM32G471MCT6, STM32G471MET3, STM32G471MET6, STM32G471MEY6TR, STM32G471QCT6, STM32G471QET3, STM32G471RCT6, STM32G471RET3, STM32G471RET6, STM32G471VCH6, STM32G471VCI6, STM32G471VCT6, STM32G471VEH3, STM32G471VEH6, STM32G471VEI3, STM32G471VEI6, STM32G471VET3, STM32G471VET6, STM32G474CCT6, STM32H503CBT6, STM32H503CBU6, STM32H503EBY6TR, STM32H503KBU6, STM32H503RBT6, STM32H562AGI6, STM32H562AII6, STM32H562IGK6, STM32H562IGT6, STM32H562IIK6, STM32H562IIT6, STM32H562RGT6, STM32H562RGV6, STM32H562RIT6, STM32H562RIV6, STM32H562VGT6, STM32H562VIT6, STM32H562ZGT6, STM32H562ZIT6, STM32H563AGI6, STM32H563AII3Q, STM32H563AII6, STM32H563IGK6, STM32H563IGT6, STM32H563IIK3Q, STM32H563IIK6, STM32H563IIT3Q, STM32H563IIT6, STM32H563MIY3QTR, STM32H563RGT6, STM32H563RGV6, STM32H563RIT6, STM32H563RIV6, STM32H563VGT6, STM32H563VIT3Q, STM32H563VIT6, STM32H563ZGT6, STM32H563ZIT3Q, STM32H563ZIT6, STM32H573AII3Q, STM32H573AII6, STM32H573I-DK, STM32H573IIK3Q, STM32H573IIK6, STM32H573IIT3Q, STM32H573IIT6, STM32H573MIY3QTR, STM32H573RIT6, STM32H573RIV6, STM32H573VIT3Q, STM32H573VIT6, STM32H573ZIT3Q, STM32H573ZIT6, STM32L4R5QGI6STR, STM32MP131AAE3, STM32MP131AAF3, STM32MP131AAG3, STM32MP131CAE3, STM32MP131CAF3, STM32MP131CAG3, STM32MP131DAE7, STM32MP131DAF7, STM32MP131DAG7, STM32MP131FAE7, STM32MP131FAF7, STM32MP131FAG7, STM32MP133AAE3, STM32MP133AAF3, STM32MP133AAG3, STM32MP133CAE3, STM32MP133CAF3, STM32MP133CAG3, STM32MP133DAE7, STM32MP133DAF7, STM32MP133DAG7, STM32MP133FAE7, STM32MP133FAF7, STM32MP133FAG7, STM32MP135AAE3, STM32MP135AAF3, STM32MP135AAG3, STM32MP135CAE3, STM32MP135CAF3, STM32MP135CAG3, STM32MP135DAE7, STM32MP135DAF7, STM32MP135DAG7, STM32MP135F-DK, STM32MP135FAE7, STM32MP135FAF7, STM32MP135FAF7T, STM32MP135FAF7U, STM32MP135FAG7, STM32U535CBT6, STM32U535CBT6Q, STM32U535CBU6, STM32U535CBU6Q, STM32U535CCT6, STM32U535CCT6Q, STM32U535CCU6, STM32U535CCU6Q, STM32U535CET6, STM32U535CET6Q, STM32U535CEU6, STM32U535CEU6Q, STM32U535JEY6QTR, STM32U535NCY6QTR, STM32U535NEY6QTR, STM32U535RBI6, STM32U535RBI6Q, STM32U535RBT6, STM32U535RBT6Q, STM32U535RCI6, STM32U535RCI6Q, STM32U535RCT6, STM32U535RCT6Q, STM32U535REI6, STM32U535REI6Q, STM32U535RET6, STM32U535RET6Q, STM32U535VCI6, STM32U535VCI6Q, STM32U535VCT6, STM32U535VCT6Q, STM32U535VEI6, STM32U535VEI6Q, STM32U535VET6, STM32U535VET6Q, STM32U545CET6, STM32U545CET6Q, STM32U545CEU6, STM32U545CEU6Q, STM32U545JEY6QTR, STM32U545NEY6QTR, STM32U545REI6, STM32U545REI6Q, STM32U545RET6, STM32U545RET6Q, STM32U545VEI6, STM32U545VEI6Q, STM32U545VET6, STM32U545VET6Q, STM32U595AIH6, STM32U595AIH6Q, STM32U595AJH6, STM32U595AJH6Q, STM32U595QII6, STM32U595QII6Q, STM32U595QJI6, STM32U595QJI6Q, STM32U595RIT6, STM32U595RIT6Q, STM32U595RJT6, STM32U595RJT6Q, STM32U595VIT6, STM32U595VIT6Q, STM32U595VJT6, STM32U595VJT6Q, STM32U595ZIT6, STM32U595ZIT6Q, STM32U595ZIY6QTR, STM32U595ZJT6, STM32U595ZJT6Q, STM32U595ZJY6QTR, STM32U599BJY6QTR, STM32U599NIH6Q, STM32U599NJH6Q, STM32U599VIT6Q, STM32U599VJT6, STM32U599VJT6Q, STM32U599ZIT6Q, STM32U599ZIY6QTR, STM32U599ZJT6Q, STM32U599ZJY6QTR, STM32U5A5AJH6, STM32U5A5AJH6Q, STM32U5A5QJI6, STM32U5A5QJI6Q, STM32U5A5RJT6, STM32U5A5RJT6Q, STM32U5A5VJT6, STM32U5A5VJT6Q, STM32U5A5ZJT6, STM32U5A5ZJT6Q, STM32U5A5ZJY6QTR, STM32U5A9BJY6QTR, STM32U5A9J-DK, STM32U5A9NJH6Q, STM32U5A9VJT6Q, STM32U5A9ZJT6Q, STM32U5A9ZJY6QTR, STM32U5F7VIT6, STM32U5F7VIT6Q, STM32U5F7VJT6, STM32U5F7VJT6Q, STM32U5F9BJY6QTR, STM32U5F9NJH6Q, STM32U5F9VIT6Q, STM32U5F9VJT6Q, STM32U5F9ZIJ6QTR, STM32U5F9ZIT6Q, STM32U5F9ZJJ6QTR, STM32U5F9ZJT6Q, STM32U5G7VJT6, STM32U5G7VJT6Q, STM32U5G9BJY6QTR, STM32U5G9J-DK1, STM32U5G9J-DK2, STM32U5G9NJH6Q, STM32U5G9VJT6Q, STM32U5G9ZJJ6QTR, STM32U5G9ZJT6Q, STM32WB1MMCH6, STM32WBA50KEU6, STM32WBA50KEU6TR, STM32WBA50KGU6, STM32WBA50KGU6TR, STM32WBA52CEU6, STM32WBA52CEU6TR, STM32WBA52CEU7, STM32WBA52CEU7TR, STM32WBA52CGU6, STM32WBA52CGU6TR, STM32WBA52CGU6U, STM32WBA52CGU7, STM32WBA52CGU7TR, STM32WBA52KEU6, STM32WBA52KEU6TR, STM32WBA52KGU6, STM32WBA52KGU6TR, STM32WBA54CEU6, STM32WBA54CEU6TR, STM32WBA54CEU7, STM32WBA54CEU7TR, STM32WBA54CGU6, STM32WBA54CGU6TR, STM32WBA54CGU7, STM32WBA54CGU7TR, STM32WBA54KEU6, STM32WBA54KEU6TR, STM32WBA54KEU7, STM32WBA54KEU7TR, STM32WBA54KGU6, STM32WBA54KGU6TR, STM32WBA54KGU7, STM32WBA54KGU7TR, STM32WBA55CEU6, STM32WBA55CEU6TR, STM32WBA55CEU7, STM32WBA55CEU7TR, STM32WBA55CGU6, STM32WBA55CGU6TR, STM32WBA55CGU6U, STM32WBA55CGU7, STM32WBA55CGU7TR, STM32WBA55G-DK1, STM32WBA55HEF6, STM32WBA55HEF7, STM32WBA55HGF6, STM32WBA55HGF7, STM32WBA55UEI6, STM32WBA55UEI6TR, STM32WBA55UEI7, STM32WBA55UEI7TR, STM32WBA55UGI6, STM32WBA55UGI6TR, STM32WBA55UGI7, STM32WBA55UGI7TR, STM32WL5MOCH6, STM32WL5MOCH6TR]
2024-01-30 17:17:59,435 [INFO] DbMcus:218 - Found 3930 MCUs, 3930 are supported
2024-01-30 17:17:59,436 [INFO] ApiDb:423 - Load user favorites file C:\Users\nmtua/.stm32cubeide/favorites.mcus.txt: 0 item(s)
2024-01-30 17:17:59,436 [INFO] ApiDb:427 - User favorites MCUs=[]
2024-01-30 17:17:59,436 [INFO] DbMcus:224 - Set 0 / 0 favorites MCUs
2024-01-30 17:17:59,636 [INFO] ApiDb:423 - Load user favorites file C:\Users\nmtua/.stm32cubeide/favorites.boards.txt: 0 item(s)
2024-01-30 17:17:59,636 [INFO] ApiDb:427 - User favorites Boards=[]
2024-01-30 17:17:59,636 [INFO] DbBoards:198 - Set 0 / 0 favorites Boards
2024-01-30 17:17:59,637 [INFO] McuFinderGlobals:76 - Set McuFinderConnectedMode to true
2024-01-30 17:17:59,652 [INFO] MultiScanPanel:200 - Auto-refresh data requested => check proxy status ongoing
2024-01-30 17:17:59,654 [INFO] FinderPluginLoader:95 - Searching for filters in installed packs
2024-01-30 17:18:01,173 [INFO] LoadUrlFilesThread:185 - End of LoadServerUrlFiles without Thread
2024-01-30 17:18:01,186 [INFO] DetailPanel:341 - Set advertising image to C:/Users/nmtua/STM32Cube/Repository/\en.prom-stm32wl3-mcu-finder.jpg
2024-01-30 17:18:20,306 [ERROR] LogOutputStream:75 - [STDERR_REDIRECT] SLF4J: Failed to load class "org.slf4j.impl.StaticLoggerBinder".
2024-01-30 17:18:20,307 [ERROR] LogOutputStream:75 - [STDERR_REDIRECT] SLF4J: Defaulting to no-operation (NOP) logger implementation
2024-01-30 17:18:20,309 [ERROR] LogOutputStream:75 - [STDERR_REDIRECT] SLF4J: See http://www.slf4j.org/codes.html#StaticLoggerBinder for further details.
2024-01-30 17:19:04,634 [INFO] MainUpdater:2873 - connection check result : 10
2024-01-30 17:19:04,634 [INFO] MainUpdater:2873 - connection check result : 10
2024-01-30 17:19:04,674 [INFO] MicroXplorer:468 - Change Database Path : 
2024-01-30 17:19:04,675 [INFO] MicroXplorer:498 - Change Database Version : DB.6.0.100
2024-01-30 17:19:04,684 [WARN] ThirdParty:871 - waiting for thirdparty lock release [close project]
2024-01-30 17:19:04,684 [INFO] ThirdParty:873 - entering critical section [close project]
2024-01-30 17:19:04,685 [INFO] ThirdParty:883 - exiting critical section [close project]
2024-01-30 17:19:04,688 [INFO] PinOutPanel:1499 - setPackage(No Configuration,No Configuration)
2024-01-30 17:19:04,695 [INFO] UtilMem:75 - Begin LoadConfig() Used Memory: 579756184 Bytes (747634688)
2024-01-30 17:19:04,697 [INFO] MicroXplorer:468 - Change Database Path : 
2024-01-30 17:19:04,697 [INFO] MicroXplorer:498 - Change Database Version : DB.6.0.100
2024-01-30 17:19:04,697 [INFO] OpenFileManager:312 - Change cursor
2024-01-30 17:19:04,831 [INFO] Mcu:2016 - Initializing MCU STM32F103C6Tx STM32F103C6Tx STM32F103C6T6A
2024-01-30 17:19:05,892 [INFO] Context:659 - Trying to add GPIOservice into a context  which must be forbidden
2024-01-30 17:19:06,165 [INFO] ImportTextPane:194 - (OptionalMessage_ERROR) Unable to find key (Mcu.ThirdPartyNb) in loaded IOC file
2024-01-30 17:19:06,165 [INFO] ImportTextPane:194 - (OptionalMessage_ERROR) Unable to find key (Mcu.PinsNb) in loaded IOC file
2024-01-30 17:19:06,165 [INFO] ImportTextPane:194 - (OptionalMessage_ERROR) Unable to find key (Mcu.IPNb) in loaded IOC file
2024-01-30 17:19:06,241 [INFO] RtosManager:555 - Registered RTOS mode: class=CMSIS, group=RTOS, mode=CMSIS_V1, owner=FREERTOS
2024-01-30 17:19:06,241 [INFO] RtosManager:555 - Registered RTOS mode: class=CMSIS, group=RTOS2, mode=CMSIS_V2, owner=FREERTOS
2024-01-30 17:19:06,241 [INFO] RtosManager:555 - Registered RTOS mode: class=RTOS, group=Core, mode=CMSIS_V1, owner=FREERTOS
2024-01-30 17:19:06,241 [INFO] RtosManager:555 - Registered RTOS mode: class=RTOS, group=Core, mode=CMSIS_V2, owner=FREERTOS
2024-01-30 17:19:06,242 [WARN] ModelIntegratedComponent:184 - Missing modes for component STMicroelectronics:FreeRTOS:0.0.1:STMicroelectronics:RTOS:FreeRTOS:Core:::10.2.0:
2024-01-30 17:19:06,267 [WARN] ModelIntegratedComponent:63 - No mode defined for component null
2024-01-30 17:19:06,267 [WARN] ModelIntegratedComponent:63 - No mode defined for component null
2024-01-30 17:19:06,267 [WARN] ModelIntegratedComponent:63 - No mode defined for component null
2024-01-30 17:19:06,267 [WARN] ModelIntegratedComponent:63 - No mode defined for component null
2024-01-30 17:19:06,268 [WARN] ModelIntegratedComponent:63 - No mode defined for component null
2024-01-30 17:19:06,268 [WARN] ModelIntegratedComponent:63 - No mode defined for component null
2024-01-30 17:19:06,268 [WARN] ModelIntegratedComponent:63 - No mode defined for component null
2024-01-30 17:19:06,268 [WARN] ModelIntegratedComponent:63 - No mode defined for component null
2024-01-30 17:19:06,268 [WARN] ModelIntegratedComponent:63 - No mode defined for component null
2024-01-30 17:19:06,268 [WARN] ModelIntegratedComponent:63 - No mode defined for component null
2024-01-30 17:19:06,268 [WARN] ModelIntegratedComponent:63 - No mode defined for component null
2024-01-30 17:19:06,268 [WARN] ModelIntegratedComponent:63 - No mode defined for component null
2024-01-30 17:19:06,268 [WARN] ModelIntegratedComponent:63 - No mode defined for component null
2024-01-30 17:19:06,268 [WARN] ModelIntegratedComponent:63 - No mode defined for component null
2024-01-30 17:19:06,268 [WARN] ModelIntegratedComponent:63 - No mode defined for component null
2024-01-30 17:19:06,268 [WARN] ModelIntegratedComponent:63 - No mode defined for component null
2024-01-30 17:19:06,268 [WARN] ModelIntegratedComponent:63 - No mode defined for component null
2024-01-30 17:19:06,268 [WARN] ModelIntegratedComponent:63 - No mode defined for component null
2024-01-30 17:19:06,268 [WARN] ModelIntegratedComponent:63 - No mode defined for component null
2024-01-30 17:19:06,269 [WARN] ModelIntegratedComponent:63 - No mode defined for component null
2024-01-30 17:19:06,269 [WARN] ModelIntegratedComponent:63 - No mode defined for component null
2024-01-30 17:19:06,269 [WARN] ModelIntegratedComponent:63 - No mode defined for component null
2024-01-30 17:19:06,269 [WARN] ModelIntegratedComponent:63 - No mode defined for component null
2024-01-30 17:19:06,269 [WARN] ModelIntegratedComponent:63 - No mode defined for component null
2024-01-30 17:19:06,269 [WARN] ModelIntegratedComponent:63 - No mode defined for component null
2024-01-30 17:19:06,269 [WARN] ModelIntegratedComponent:63 - No mode defined for component null
2024-01-30 17:19:06,269 [WARN] ModelIntegratedComponent:63 - No mode defined for component null
2024-01-30 17:19:06,269 [WARN] ModelIntegratedComponent:63 - No mode defined for component null
2024-01-30 17:19:06,269 [WARN] ModelIntegratedComponent:63 - No mode defined for component null
2024-01-30 17:19:06,269 [WARN] ModelIntegratedComponent:63 - No mode defined for component null
2024-01-30 17:19:06,269 [WARN] ModelIntegratedComponent:63 - No mode defined for component null
2024-01-30 17:19:06,269 [WARN] ModelIntegratedComponent:63 - No mode defined for component null
2024-01-30 17:19:06,270 [WARN] ModelIntegratedComponent:63 - No mode defined for component null
2024-01-30 17:19:06,419 [INFO] ThirdPartyModel:298 - Start build external matchings
2024-01-30 17:19:06,928 [INFO] ThirdPartyModel:316 - End build external matchings
2024-01-30 17:19:07,190 [INFO] UtilMem:75 - End LoadConfig() Used Memory: 479859032 Bytes (747634688)
2024-01-30 17:19:07,243 [INFO] MicroXplorer:468 - Change Database Path : 
2024-01-30 17:19:07,244 [INFO] MicroXplorer:498 - Change Database Version : DB.6.0.100
2024-01-30 17:19:07,247 [WARN] ThirdParty:833 - waiting for thirdparty lock release [change project]
2024-01-30 17:19:07,247 [INFO] ThirdParty:835 - entering critical section [change project]
2024-01-30 17:19:07,248 [INFO] ThirdParty:1030 - CMSIS Pack Vendor :STMicroelectronics USBPD 4.1
2024-01-30 17:19:07,249 [INFO] ThirdParty:1030 - CMSIS Pack Vendor :STMicroelectronics X-CUBE-GNSS1 6.0.0
2024-01-30 17:19:07,249 [INFO] ThirdParty:1030 - CMSIS Pack Vendor :STMicroelectronics USB_HOST 2.0.0
2024-01-30 17:19:07,249 [INFO] ThirdParty:1030 - CMSIS Pack Vendor :STMicroelectronics X-CUBE-AZRTOS-F4 1.1.0
2024-01-30 17:19:07,249 [INFO] ThirdParty:1030 - CMSIS Pack Vendor :STMicroelectronics LIBJPEG 8.0.0
2024-01-30 17:19:07,249 [INFO] ThirdParty:1030 - CMSIS Pack Vendor :STMicroelectronics X-CUBE-SMBUS 2.1.0
2024-01-30 17:19:07,249 [INFO] ThirdParty:1030 - CMSIS Pack Vendor :STMicroelectronics USB_DEVICE 3.0.0
2024-01-30 17:19:07,250 [INFO] ThirdParty:1030 - CMSIS Pack Vendor :STMicroelectronics X-CUBE-AZRTOS-WB 2.0.0
2024-01-30 17:19:07,250 [INFO] ThirdParty:1030 - CMSIS Pack Vendor :wolfSSL I-CUBE-wolfSSL 5.6.6
2024-01-30 17:19:07,250 [INFO] ThirdParty:1030 - CMSIS Pack Vendor :STMicroelectronics X-CUBE-TOUCHGFX 4.23.0
2024-01-30 17:19:07,250 [INFO] ThirdParty:1030 - CMSIS Pack Vendor :STMicroelectronics X-CUBE-AZRTOS-F7 1.1.0
2024-01-30 17:19:07,250 [INFO] ThirdParty:1030 - CMSIS Pack Vendor :STMicroelectronics X-CUBE-AZRTOS-L5 2.0.0
2024-01-30 17:19:07,250 [INFO] ThirdParty:1030 - CMSIS Pack Vendor :STMicroelectronics USB_DEVICE 2.0.0
2024-01-30 17:19:07,250 [INFO] ThirdParty:1030 - CMSIS Pack Vendor :ITTIA_DB I-CUBE-ITTIADB 8.8.0
2024-01-30 17:19:07,250 [INFO] ThirdParty:1030 - CMSIS Pack Vendor :STMicroelectronics FP-SNS-MOTENV1 4.3.2
2024-01-30 17:19:07,250 [INFO] ThirdParty:1030 - CMSIS Pack Vendor :STMicroelectronics X-CUBE-ALGOBUILD 1.3.0
2024-01-30 17:19:07,251 [INFO] ThirdParty:1030 - CMSIS Pack Vendor :STMicroelectronics FreeRTOS 0.0.1
2024-01-30 17:19:07,251 [INFO] ThirdParty:1030 - CMSIS Pack Vendor :STMicroelectronics X-CUBE-AZRTOS-G0 1.1.0
2024-01-30 17:19:07,251 [INFO] ThirdParty:1030 - CMSIS Pack Vendor :STMicroelectronics X-CUBE-NFC4 3.0.0
2024-01-30 17:19:07,251 [INFO] ThirdParty:1030 - CMSIS Pack Vendor :STMicroelectronics X-CUBE-SUBG2 5.0.0
2024-01-30 17:19:07,251 [INFO] ThirdParty:1030 - CMSIS Pack Vendor :STMicroelectronics STM32_WPAN 1.0.0
2024-01-30 17:19:07,251 [INFO] ThirdParty:1030 - CMSIS Pack Vendor :STMicroelectronics lwIP 2.0.3
2024-01-30 17:19:07,258 [INFO] ThirdParty:1030 - CMSIS Pack Vendor :STMicroelectronics FP-SNS-FLIGHT1 5.0.2
2024-01-30 17:19:07,258 [INFO] ThirdParty:1030 - CMSIS Pack Vendor :STMicroelectronics USB_HOST 1.0.0
2024-01-30 17:19:07,259 [INFO] ThirdParty:1030 - CMSIS Pack Vendor :STMicroelectronics X-CUBE-AZRTOS-G4 2.0.0
2024-01-30 17:19:07,259 [INFO] ThirdParty:1030 - CMSIS Pack Vendor :STMicroelectronics PDM2PCM 3.1.0
2024-01-30 17:19:07,259 [INFO] ThirdParty:1030 - CMSIS Pack Vendor :Infineon AIROC-Wi-Fi-Bluetooth-STM32 1.5.1
2024-01-30 17:19:07,259 [INFO] ThirdParty:1030 - CMSIS Pack Vendor :STMicroelectronics X-CUBE-BLEMGR 3.0.0
2024-01-30 17:19:07,259 [INFO] ThirdParty:1030 - CMSIS Pack Vendor :STMicroelectronics PDM2PCM 3.3.0
2024-01-30 17:19:07,260 [INFO] ThirdParty:1030 - CMSIS Pack Vendor :STMicroelectronics X-CUBE-DISPLAY 3.0.0
2024-01-30 17:19:07,260 [INFO] ThirdParty:1030 - CMSIS Pack Vendor :STMicroelectronics FP-SNS-MOTENVWB1 1.3.1
2024-01-30 17:19:07,260 [INFO] ThirdParty:1030 - CMSIS Pack Vendor :STMicroelectronics X-CUBE-BLE1 7.0.0
2024-01-30 17:19:07,260 [INFO] ThirdParty:1030 - CMSIS Pack Vendor :STMicroelectronics FP-ATR-SIGFOX1 3.2.0
2024-01-30 17:19:07,260 [INFO] ThirdParty:1030 - CMSIS Pack Vendor :STMicroelectronics X-CUBE-ISPU 2.0.0
2024-01-30 17:19:07,261 [INFO] ThirdParty:1030 - CMSIS Pack Vendor :STMicroelectronics X-CUBE-EEPRMA1 5.1.0
2024-01-30 17:19:07,261 [INFO] ThirdParty:1030 - CMSIS Pack Vendor :STMicroelectronics HAL Drivers 0.0.0
2024-01-30 17:19:07,261 [INFO] ThirdParty:1030 - CMSIS Pack Vendor :STMicroelectronics MBEDTLS 2.16.2
2024-01-30 17:19:07,261 [INFO] ThirdParty:1030 - CMSIS Pack Vendor :emotas I-CUBE-CANOPEN 1.3.0
2024-01-30 17:19:07,261 [INFO] ThirdParty:1030 - CMSIS Pack Vendor :STMicroelectronics X-CUBE-MEMS1 10.0.0
2024-01-30 17:19:07,261 [INFO] ThirdParty:1030 - CMSIS Pack Vendor :STMicroelectronics X-CUBE-FREERTOS 1.1.0
2024-01-30 17:19:07,261 [INFO] ThirdParty:1030 - CMSIS Pack Vendor :STMicroelectronics X-CUBE-NFC7 1.0.1
2024-01-30 17:19:07,261 [INFO] ThirdParty:1030 - CMSIS Pack Vendor :STMicroelectronics MBEDTLS 2.14.1
2024-01-30 17:19:07,261 [INFO] ThirdParty:1030 - CMSIS Pack Vendor :STMicroelectronics X-CUBE-NFC6 3.0.0
2024-01-30 17:19:07,261 [INFO] ThirdParty:1030 - CMSIS Pack Vendor :portGmbH I-Cube-SoM-uGOAL 1.1.0
2024-01-30 17:19:07,261 [INFO] ThirdParty:1030 - CMSIS Pack Vendor :STMicroelectronics X-CUBE-ALS 1.0.1
2024-01-30 17:19:07,261 [INFO] ThirdParty:1030 - CMSIS Pack Vendor :STMicroelectronics ThreadX 1.0.0
2024-01-30 17:19:07,262 [INFO] ThirdParty:1030 - CMSIS Pack Vendor :STMicroelectronics FP-SNS-SMARTAG2 1.2.0
2024-01-30 17:19:07,262 [INFO] ThirdParty:1030 - CMSIS Pack Vendor :STMicroelectronics X-CUBE-AZRTOS-WL 2.0.0
2024-01-30 17:19:07,262 [INFO] ThirdParty:1030 - CMSIS Pack Vendor :SEGGER I-CUBE-embOS 1.3.1
2024-01-30 17:19:07,262 [INFO] ThirdParty:1030 - CMSIS Pack Vendor :STMicroelectronics USB_DEVICE 1.0.0
2024-01-30 17:19:07,262 [INFO] ThirdParty:1030 - CMSIS Pack Vendor :STMicroelectronics X-CUBE-AI 8.1.0
2024-01-30 17:19:07,262 [INFO] ThirdParty:1030 - CMSIS Pack Vendor :STMicroelectronics X-CUBE-AZRTOS-L4 2.0.0
2024-01-30 17:19:07,263 [INFO] ThirdParty:1030 - CMSIS Pack Vendor :STMicroelectronics ThreadX 0.0.2
2024-01-30 17:19:07,263 [INFO] ThirdParty:1030 - CMSIS Pack Vendor :WES I-CUBE-Cesium 1.3.0
2024-01-30 17:19:07,263 [INFO] ThirdParty:1030 - CMSIS Pack Vendor :STMicroelectronics FP-ATR-ASTRA1 2.0.0
2024-01-30 17:19:07,263 [INFO] ThirdParty:1030 - CMSIS Pack Vendor :STMicroelectronics lwIP 2.1.2
2024-01-30 17:19:07,263 [INFO] ThirdParty:1030 - CMSIS Pack Vendor :STMicroelectronics X-CUBE-SFXS2LP1 4.0.0
2024-01-30 17:19:07,263 [INFO] ThirdParty:1030 - CMSIS Pack Vendor :STMicroelectronics X-CUBE-BLE2 3.3.0
2024-01-30 17:19:07,263 [INFO] ThirdParty:1030 - CMSIS Pack Vendor :STMicroelectronics X-CUBE-TOF1 3.4.0
2024-01-30 17:19:07,264 [INFO] ThirdParty:1030 - CMSIS Pack Vendor :STMicroelectronics X-CUBE-AZRTOS-H7 3.2.0
2024-01-30 17:19:07,264 [INFO] ThirdParty:1030 - CMSIS Pack Vendor :STMicroelectronics PDM2PCM 3.2.0
2024-01-30 17:19:07,264 [INFO] ThirdParty:841 - exiting critical section [change project]
2024-01-30 17:19:07,550 [INFO] PinOutPanel:1499 - setPackage(No Configuration,No Configuration)
2024-01-30 17:19:07,552 [INFO] PinOutPanel:1499 - setPackage(STM32F103C6Tx,LQFP48)
2024-01-30 17:19:08,189 [INFO] UtilMem:75 - Before build in PCC Used Memory: 437869424 Bytes (747634688)
2024-01-30 17:19:09,277 [INFO] UtilMem:75 - After build in PCC Used Memory: 573135824 Bytes (747634688)
2024-01-30 17:19:09,303 [INFO] IPUIPlugin:80 - create IPUIPlugin
2024-01-30 17:19:09,304 [INFO] IPUIPlugin:80 - create IPUIPlugin
2024-01-30 17:19:09,304 [INFO] IPUIPlugin:80 - create IPUIPlugin
2024-01-30 17:19:09,304 [INFO] IPUIPlugin:80 - create IPUIPlugin
2024-01-30 17:19:09,304 [INFO] IPUIPlugin:80 - create IPUIPlugin
2024-01-30 17:19:09,304 [INFO] IPUIPlugin:80 - create IPUIPlugin
2024-01-30 17:19:09,304 [INFO] IPUIPlugin:80 - create IPUIPlugin
2024-01-30 17:19:09,304 [INFO] IPUIPlugin:80 - create IPUIPlugin
2024-01-30 17:19:09,304 [INFO] IPUIPlugin:80 - create IPUIPlugin
2024-01-30 17:19:09,306 [INFO] IPUIPlugin:80 - create IPUIPlugin
2024-01-30 17:19:09,306 [INFO] IPUIPlugin:80 - create IPUIPlugin
2024-01-30 17:19:09,306 [INFO] IPUIPlugin:80 - create IPUIPlugin
2024-01-30 17:19:09,306 [INFO] IPUIPlugin:80 - create IPUIPlugin
2024-01-30 17:19:09,307 [INFO] IPUIPlugin:80 - create IPUIPlugin
2024-01-30 17:19:09,307 [INFO] IPUIPlugin:80 - create IPUIPlugin
2024-01-30 17:19:09,307 [INFO] IPUIPlugin:80 - create IPUIPlugin
2024-01-30 17:19:09,308 [INFO] IPUIPlugin:80 - create IPUIPlugin
2024-01-30 17:19:09,308 [INFO] IPUIPlugin:80 - create IPUIPlugin
2024-01-30 17:19:09,308 [INFO] IPUIPlugin:80 - create IPUIPlugin
2024-01-30 17:19:09,309 [INFO] IPUIPlugin:80 - create IPUIPlugin
2024-01-30 17:19:09,309 [INFO] IPUIPlugin:80 - create IPUIPlugin
2024-01-30 17:19:09,309 [INFO] IPUIPlugin:80 - create IPUIPlugin
2024-01-30 17:19:09,310 [INFO] IPUIPlugin:80 - create IPUIPlugin
2024-01-30 17:19:09,538 [INFO] CADModel:165 - CPN selected for project levelSTM32F103C6T6A
2024-01-30 17:19:09,538 [INFO] CADModel:114 - Register for checkConnection events
2024-01-30 17:19:09,584 [INFO] OpenFileManager:343 - Restore cursor
2024-01-30 17:19:10,397 [INFO] UtilMem:75 - End SaveConfig() Used Memory: 414119224 Bytes (747634688)
2024-01-30 17:19:10,472 [INFO] UtilMem:75 - End SaveConfig() Used Memory: 424060608 Bytes (747634688)
2024-01-30 17:19:11,063 [INFO] BlockDiagram:2759 - set Specific Code input for plugin: NVIC
2024-01-30 17:19:11,064 [INFO] BlockDiagram:2759 - set Specific Code input for plugin: RCC
2024-01-30 17:19:11,067 [INFO] CodeGenerator:807 - code generatio: config db path: C:\ST\STM32CubeIDE_1.14.1\STM32CubeIDE\plugins\com.st.stm32cube.common.mx_6.10.0.202311202037\\db\
2024-01-30 17:19:11,461 [INFO] CodeEngine:255 - oldGeneratedFile, D:\GIT\STM32-BT1\EX1_B\MXTmpFiles\license.tmp_save
2024-01-30 17:19:11,937 [INFO] CodeEngine:279 - Generated code: D:\GIT\STM32-BT1\EX1_B\MXTmpFiles\license.tmp
2024-01-30 17:19:11,979 [INFO] CodeEngine:255 - oldGeneratedFile, D:\GIT\STM32-BT1\EX1_B\Core\Src\stm32f1xx_it.c_save
2024-01-30 17:19:12,299 [INFO] CodeEngine:279 - Generated code: D:\GIT\STM32-BT1\EX1_B\Core\Src\stm32f1xx_it.c
2024-01-30 17:19:12,309 [INFO] CodeEngine:255 - oldGeneratedFile, D:\GIT\STM32-BT1\EX1_B\Core\Inc\stm32f1xx_it.h_save
2024-01-30 17:19:12,453 [INFO] CodeEngine:279 - Generated code: D:\GIT\STM32-BT1\EX1_B\Core\Inc\stm32f1xx_it.h
2024-01-30 17:19:12,691 [INFO] CodeEngine:255 - oldGeneratedFile, D:\GIT\STM32-BT1\EX1_B\Core\Src\stm32f1xx_hal_msp.c_save
2024-01-30 17:19:12,989 [INFO] CodeEngine:279 - Generated code: D:\GIT\STM32-BT1\EX1_B\Core\Src\stm32f1xx_hal_msp.c
2024-01-30 17:19:13,014 [INFO] CodeEngine:255 - oldGeneratedFile, D:\GIT\STM32-BT1\EX1_B\MXTmpFiles\system.tmp_save
2024-01-30 17:19:13,118 [INFO] CodeEngine:279 - Generated code: D:\GIT\STM32-BT1\EX1_B\MXTmpFiles\system.tmp
2024-01-30 17:19:13,144 [INFO] CodeEngine:311 - oldGeneratedFile, D:\GIT\STM32-BT1\EX1_B\Core\Inc\stm32f1xx_hal_conf.h_save
2024-01-30 17:19:13,282 [INFO] CodeEngine:335 - Generated code: D:\GIT\STM32-BT1\EX1_B\Core\Inc\stm32f1xx_hal_conf.h
2024-01-30 17:19:13,347 [INFO] CodeEngine:255 - oldGeneratedFile, D:\GIT\STM32-BT1\EX1_B\Core\Inc\main.h_save
2024-01-30 17:19:13,508 [INFO] CodeEngine:279 - Generated code: D:\GIT\STM32-BT1\EX1_B\Core\Inc\main.h
2024-01-30 17:19:13,519 [INFO] CodeEngine:255 - oldGeneratedFile, D:\GIT\STM32-BT1\EX1_B\Core\Src\main.c_save
2024-01-30 17:19:13,735 [INFO] CodeEngine:279 - Generated code: D:\GIT\STM32-BT1\EX1_B\Core\Src\main.c
2024-01-30 17:19:14,466 [INFO] ProjectBuilder:3076 - Time for Copy HAL[1] : 149mS.
2024-01-30 17:19:14,474 [INFO] ProjectBuilder:4485 - Project Generator version: 4.2.0-B44
2024-01-30 17:19:14,832 [INFO] ConfigFileManager:1495 - The Die is : DIE412
2024-01-30 17:19:14,882 [INFO] ApiDbMcu:508 - Load IP Config File for FATFS
2024-01-30 17:19:14,935 [INFO] ApiDbMcu:508 - Load IP Config File for FREERTOS
2024-01-30 17:19:14,982 [INFO] ApiDbMcu:508 - Load IP Config File for USB_DEVICE
2024-01-30 17:19:16,419 [INFO] LogOutputStream:77 - [STDOUT_REDIRECT] 
2024-01-30 17:19:19,944 [INFO] ProjectBuilder:4747 - Time for Generating toolchain IDE Files: 5470mS.
2024-01-30 17:19:19,945 [INFO] ProjectBuilder:2947 - Time for Copy CMSIS : 0mS.
2024-01-30 17:19:19,946 [INFO] ProjectBuilder:2947 - Time for Copy CMSIS : 0mS.
2024-01-30 17:19:21,526 [INFO] McuFinderGlobals:76 - Set McuFinderConnectedMode to true
2024-01-30 17:19:21,531 [INFO] ApiDb:448 - Save user favorites file C:\Users\nmtua/.stm32cubeide/favorites.mcus.txt: 0 item(s)
2024-01-30 17:19:21,531 [INFO] ApiDb:452 - User favorites MCUs=[]
2024-01-30 17:20:01,071 [INFO] UtilMem:75 - End SaveConfig() Used Memory: 642290352 Bytes (1073741824)
2024-01-30 17:20:02,930 [INFO] UtilMem:75 - End SaveConfig() Used Memory: 547261544 Bytes (1073741824)
2024-01-30 17:20:05,277 [INFO] UtilMem:75 - End SaveConfig() Used Memory: 688297040 Bytes (1073741824)
2024-01-30 17:20:05,686 [INFO] BlockDiagram:2759 - set Specific Code input for plugin: NVIC
2024-01-30 17:20:05,687 [INFO] BlockDiagram:2759 - set Specific Code input for plugin: GPIO
2024-01-30 17:20:05,687 [INFO] BlockDiagram:2759 - set Specific Code input for plugin: RCC
2024-01-30 17:20:05,688 [INFO] CodeGenerator:807 - code generatio: config db path: C:\ST\STM32CubeIDE_1.14.1\STM32CubeIDE\plugins\com.st.stm32cube.common.mx_6.10.0.202311202037\\db\
2024-01-30 17:20:05,919 [INFO] CodeEngine:255 - oldGeneratedFile, D:\GIT\STM32-BT1\EX1_B\MXTmpFiles\license.tmp_save
2024-01-30 17:20:06,124 [INFO] CodeEngine:279 - Generated code: D:\GIT\STM32-BT1\EX1_B\MXTmpFiles\license.tmp
2024-01-30 17:20:06,223 [INFO] CodeEngine:255 - oldGeneratedFile, D:\GIT\STM32-BT1\EX1_B\MXTmpFiles\gpio.tmp_save
2024-01-30 17:20:06,441 [INFO] CodeEngine:279 - Generated code: D:\GIT\STM32-BT1\EX1_B\MXTmpFiles\gpio.tmp
2024-01-30 17:20:06,469 [INFO] CodeEngine:255 - oldGeneratedFile, D:\GIT\STM32-BT1\EX1_B\Core\Src\stm32f1xx_it.c_save
2024-01-30 17:20:06,662 [INFO] CodeEngine:279 - Generated code: D:\GIT\STM32-BT1\EX1_B\Core\Src\stm32f1xx_it.c
2024-01-30 17:20:06,676 [INFO] CodeEngine:255 - oldGeneratedFile, D:\GIT\STM32-BT1\EX1_B\Core\Inc\stm32f1xx_it.h_save
2024-01-30 17:20:06,732 [INFO] CodeEngine:279 - Generated code: D:\GIT\STM32-BT1\EX1_B\Core\Inc\stm32f1xx_it.h
2024-01-30 17:20:06,758 [INFO] CodeEngine:255 - oldGeneratedFile, D:\GIT\STM32-BT1\EX1_B\Core\Src\stm32f1xx_hal_msp.c_save
2024-01-30 17:20:06,887 [INFO] CodeEngine:279 - Generated code: D:\GIT\STM32-BT1\EX1_B\Core\Src\stm32f1xx_hal_msp.c
2024-01-30 17:20:06,891 [INFO] CodeEngine:255 - oldGeneratedFile, D:\GIT\STM32-BT1\EX1_B\MXTmpFiles\system.tmp_save
2024-01-30 17:20:06,946 [INFO] CodeEngine:279 - Generated code: D:\GIT\STM32-BT1\EX1_B\MXTmpFiles\system.tmp
2024-01-30 17:20:06,966 [INFO] CodeEngine:311 - oldGeneratedFile, D:\GIT\STM32-BT1\EX1_B\Core\Inc\stm32f1xx_hal_conf.h_save
2024-01-30 17:20:07,081 [INFO] CodeEngine:335 - Generated code: D:\GIT\STM32-BT1\EX1_B\Core\Inc\stm32f1xx_hal_conf.h
2024-01-30 17:20:07,134 [INFO] CodeEngine:255 - oldGeneratedFile, D:\GIT\STM32-BT1\EX1_B\Core\Inc\main.h_save
2024-01-30 17:20:07,261 [INFO] CodeEngine:279 - Generated code: D:\GIT\STM32-BT1\EX1_B\Core\Inc\main.h
2024-01-30 17:20:07,279 [INFO] CodeEngine:255 - oldGeneratedFile, D:\GIT\STM32-BT1\EX1_B\Core\Src\main.c_save
2024-01-30 17:20:07,400 [INFO] CodeEngine:279 - Generated code: D:\GIT\STM32-BT1\EX1_B\Core\Src\main.c
2024-01-30 17:20:08,039 [INFO] ProjectBuilder:3076 - Time for Copy HAL[1] : 121mS.
2024-01-30 17:20:08,043 [INFO] ProjectBuilder:4485 - Project Generator version: 4.2.0-B44
2024-01-30 17:20:08,392 [INFO] ConfigFileManager:1495 - The Die is : DIE412
2024-01-30 17:20:10,545 [INFO] ProjectBuilder:4747 - Time for Generating toolchain IDE Files: 2503mS.
2024-01-30 17:20:10,546 [INFO] ProjectBuilder:2947 - Time for Copy CMSIS : 1mS.
2024-01-30 17:20:10,548 [INFO] ProjectBuilder:2947 - Time for Copy CMSIS : 0mS.
